<?xml version="1.0" encoding="UTF-8"?>
<!-- Generated by org.testng.reporters.JUnitReportReporter -->
<testsuite hostname="USHYDGEVIJAYKU8" failures="0" tests="1" name="runner.Runner" time="9.107" errors="0" timestamp="2023-01-30T18:31:38 IST" skipped="0">
  <testcase classname="runner.Runner" name="runScenario" time="9.107"/>
  <system-out/>
</testsuite> <!-- runner.Runner -->
