<?xml version="1.0" encoding="UTF-8"?>
<!-- Generated by org.testng.reporters.JUnitReportReporter -->
<testsuite hostname="USHYDGEVIJAYKU8" failures="0" tests="1" name="tests.OneTest" time="5.084" errors="0" timestamp="2023-01-29T22:12:32 IST" skipped="0">
  <testcase classname="tests.OneTest" name="one" time="5.084"/>
  <system-out/>
</testsuite> <!-- tests.OneTest -->
