<?xml version="1.0" encoding="UTF-8"?>
<!-- Generated by org.testng.reporters.JUnitReportReporter -->
<testsuite hostname="USHYDGEVIJAYKU8" failures="0" tests="1" name="tests.ThreeTest" time="0.000" errors="0" timestamp="2023-01-29T16:25:01 IST" skipped="0">
  <testcase classname="tests.ThreeTest" name="three" time="0.000"/>
  <system-out/>
</testsuite> <!-- tests.ThreeTest -->
